#
# A fatal error has been detected by the Java Runtime Environment:
#
#  SIGFPE (0x8) at pc=0x000000010ee8e8c8, pid=3801, tid=0x0000000000001903
#
# JRE version: Java(TM) SE Runtime Environment (8.0_281-b09) (build 1.8.0_281-b09)
# Java VM: Java HotSpot(TM) 64-Bit Server VM (25.281-b09 mixed mode bsd-amd64 compressed oops)
# Problematic frame:
# j  com.techelevator.Main.findLargest()Ljava/lang/Integer;+0
#
# Failed to write core dump. Core dumps have been disabled. To enable core dumping, try "ulimit -c unlimited" before starting Java again
#
# If you would like to submit a bug report, please visit:
#   http://bugreport.java.com/bugreport/crash.jsp
#

---------------  T H R E A D  ---------------

Current thread (0x00007f82d3008800):  JavaThread "main" [_thread_in_Java, id=6403, stack(0x0000000305a88000,0x0000000305b88000)]

siginfo: si_signo: 8 (SIGFPE), si_code: 5 (FPE_FLTINV), si_addr: 0x000000010ee8e8c8

Registers:
RAX=0x0000000000000000, RBX=0x000000000000006c, RCX=0x0000000000000000, RDX=0x0000000000000000
RSP=0x0000000305b87988, RBP=0x0000000305b879c8, RSI=0x0000000000000004, RDI=0x00007f82d3008800
R8 =0x00007f82d1407020, R9 =0x0000000000000001, R10=0x000000010d730c70, R11=0x000000010d71e51b
R12=0x0000000000000000, R13=0x000000012314c53c, R14=0x0000000305b879d8, R15=0x00007f82d3008800
RIP=0x000000010ee8e8c8, EFLAGS=0x0000000000000a87, ERR=0x0000000000000000
  TRAPNO=0x0000000000000000

Top of Stack: (sp=0x0000000305b87988)
0x0000000305b87988:   0000000305b87988 000000012314c538
0x0000000305b87998:   0000000305b879d8 000000012314c5b0
0x0000000305b879a8:   0000000000000000 000000012314c558
0x0000000305b879b8:   0000000000000000 0000000305b879e0
0x0000000305b879c8:   0000000305b87a28 000000010ee7a040
0x0000000305b879d8:   0000000000000000 000000079559e658
0x0000000305b879e8:   0000000305b879e8 000000012314c353
0x0000000305b879f8:   0000000305b87a38 000000012314c5b0
0x0000000305b87a08:   0000000000000000 000000012314c370
0x0000000305b87a18:   0000000305b879e0 0000000305b87a38
0x0000000305b87a28:   0000000305b87aa0 000000010ee727a7
0x0000000305b87a38:   00000007955eb1c0 00007f8200001fa0
0x0000000305b87a48:   00007f82d3008800 00007f82d3008800
0x0000000305b87a58:   0000000305b87e70 000000012314c370
0x0000000305b87a68:   0000000000000001 0000000305b87b18
0x0000000305b87a78:   0000000305b87e78 000000000000000a
0x0000000305b87a88:   000000012314c370 000000010ee85600
0x0000000305b87a98:   0000000305b87cd0 0000000305b87c10
0x0000000305b87aa8:   000000010d2d5599 0000000000000001
0x0000000305b87ab8:   00007f82d3008800 ffffffffffffffff
0x0000000305b87ac8:   00007f82d3008800 00007f82d1707d30
0x0000000305b87ad8:   00007f82d1707e70 00007f82d1707e80
0x0000000305b87ae8:   00007f82d1707f58 00000000000000d8
0x0000000305b87af8:   00007f82d1707d90 0000000305b87b40
0x0000000305b87b08:   0000000c2b49004e 0000000305b87b70
0x0000000305b87b18:   00007f82d3008800 00007f82d1708e90
0x0000000305b87b28:   000000012314c370 0000000000000000
0x0000000305b87b38:   0000000000000000 0000000000000000
0x0000000305b87b48:   0000000000000000 0000000305b87e70
0x0000000305b87b58:   000000010ee85600 000000010ee7271f
0x0000000305b87b68:   000000010d506c14 0000000305b87bc0
0x0000000305b87b78:   000000012314c370 00007f82d3008800 

Instructions: (pc=0x000000010ee8e8c8)
0x000000010ee8e8a8:   c8 8b 04 24 48 83 c4 08 81 f8 00 00 00 80 0f 85
0x000000010ee8e8b8:   0b 00 00 00 33 d2 83 f9 ff 0f 84 03 00 00 00 99
0x000000010ee8e8c8:   f7 f9 41 0f b6 5d 01 49 ff c5 49 ba 70 0c 73 0d
0x000000010ee8e8d8:   01 00 00 00 41 ff 24 da 80 00 00 00 00 00 00 00 

Register to memory mapping:

RAX=0x0000000000000000 is an unknown value
RBX=0x000000000000006c is an unknown value
RCX=0x0000000000000000 is an unknown value
RDX=0x0000000000000000 is an unknown value
RSP=0x0000000305b87988 is pointing into the stack for thread: 0x00007f82d3008800
RBP=0x0000000305b879c8 is pointing into the stack for thread: 0x00007f82d3008800
RSI=0x0000000000000004 is an unknown value
RDI=0x00007f82d3008800 is a thread
R8 =0x00007f82d1407020 is an unknown value
R9 =0x0000000000000001 is an unknown value
R10=0x000000010d730c70: _ZN19TemplateInterpreter13_active_tableE+0x2000 in /Library/Internet Plug-Ins/JavaAppletPlugin.plugin/Contents/Home/lib/server/libjvm.dylib at 0x000000010d000000
R11=0x000000010d71e51b: AssumeMP+0 in /Library/Internet Plug-Ins/JavaAppletPlugin.plugin/Contents/Home/lib/server/libjvm.dylib at 0x000000010d000000
R12=0x0000000000000000 is an unknown value
R13=0x000000012314c53c is pointing into metadata
R14=0x0000000305b879d8 is pointing into the stack for thread: 0x00007f82d3008800
R15=0x00007f82d3008800 is a thread


Stack: [0x0000000305a88000,0x0000000305b88000],  sp=0x0000000305b87988,  free space=1022k
Native frames: (J=compiled Java code, j=interpreted, Vv=VM code, C=native code)
j  com.techelevator.Main.findLargest()Ljava/lang/Integer;+0
j  com.techelevator.Main.main([Ljava/lang/String;)V+3
v  ~StubRoutines::call_stub
V  [libjvm.dylib+0x2d5599]
V  [libjvm.dylib+0x30662f]
V  [libjvm.dylib+0x309cdf]
C  [java+0x316c]  JavaMain+0x9dc
C  [libsystem_pthread.dylib+0x6950]  _pthread_start+0xe0
C  [libsystem_pthread.dylib+0x247b]  thread_start+0xf
C  0x0000000000000000


---------------  P R O C E S S  ---------------

Java Threads: ( => current thread )
  0x00007f82d4008800 JavaThread "Service Thread" daemon [_thread_blocked, id=23047, stack(0x0000000306cca000,0x0000000306dca000)]
  0x00007f82d3859800 JavaThread "C1 CompilerThread3" daemon [_thread_blocked, id=41987, stack(0x0000000306bc7000,0x0000000306cc7000)]
  0x00007f82d1818800 JavaThread "C2 CompilerThread2" daemon [_thread_blocked, id=22531, stack(0x0000000306ac4000,0x0000000306bc4000)]
  0x00007f82d1817800 JavaThread "C2 CompilerThread1" daemon [_thread_blocked, id=42499, stack(0x00000003069c1000,0x0000000306ac1000)]
  0x00007f82d3830800 JavaThread "C2 CompilerThread0" daemon [_thread_blocked, id=43011, stack(0x00000003068be000,0x00000003069be000)]
  0x00007f82d180e000 JavaThread "Signal Dispatcher" daemon [_thread_blocked, id=43267, stack(0x00000003067bb000,0x00000003068bb000)]
  0x00007f82d305f000 JavaThread "Finalizer" daemon [_thread_blocked, id=14631, stack(0x00000003065a9000,0x00000003066a9000)]
  0x00007f82d305e800 JavaThread "Reference Handler" daemon [_thread_blocked, id=19235, stack(0x00000003064a6000,0x00000003065a6000)]
=>0x00007f82d3008800 JavaThread "main" [_thread_in_Java, id=6403, stack(0x0000000305a88000,0x0000000305b88000)]

Other Threads:
  0x00007f82d305b800 VMThread [stack: 0x00000003063a3000,0x00000003064a3000] [id=13827]
  0x00007f82d180e800 WatcherThread [stack: 0x0000000306dcd000,0x0000000306ecd000] [id=23835]

VM state:not at safepoint (normal execution)

VM Mutex/Monitor currently owned by a thread: None

heap address: 0x0000000740000000, size: 2048 MB, Compressed Oops mode: Zero based, Oop shift amount: 3
Narrow klass base: 0x0000000000000000, Narrow klass shift: 3
Compressed class space size: 1073741824 Address: 0x00000007c0000000

Heap:
 PSYoungGen      total 38400K, used 1331K [0x0000000795580000, 0x0000000798000000, 0x00000007c0000000)
  eden space 33280K, 4% used [0x0000000795580000,0x00000007956ccce8,0x0000000797600000)
  from space 5120K, 0% used [0x0000000797b00000,0x0000000797b00000,0x0000000798000000)
  to   space 5120K, 0% used [0x0000000797600000,0x0000000797600000,0x0000000797b00000)
 ParOldGen       total 87552K, used 0K [0x0000000740000000, 0x0000000745580000, 0x0000000795580000)
  object space 87552K, 0% used [0x0000000740000000,0x0000000740000000,0x0000000745580000)
 Metaspace       used 2529K, capacity 4486K, committed 4864K, reserved 1056768K
  class space    used 269K, capacity 386K, committed 512K, reserved 1048576K

Card table byte_map: [0x000000011e232000,0x000000011e633000] byte_map_base: 0x000000011a832000

Marking Bits: (ParMarkBitMap*) 0x000000010d728488
 Begin Bits: [0x000000011e924000, 0x0000000120924000)
 End Bits:   [0x0000000120924000, 0x0000000122924000)

Polling page: 0x0000000108f9d000

CodeCache: size=245760Kb used=1093Kb max_used=1093Kb free=244666Kb
 bounds [0x000000010ee72000, 0x000000010f0e2000, 0x000000011de72000]
 total_blobs=245 nmethods=16 adapters=145
 compilation: enabled

Compilation events (10 events):
Event: 0.071 Thread 0x00007f82d3859800   12       3       java.lang.StringBuilder::append (8 bytes)
Event: 0.071 Thread 0x00007f82d3859800 nmethod 12 0x000000010ef81010 code [0x000000010ef811c0, 0x000000010ef81758]
Event: 0.071 Thread 0x00007f82d3859800   13       3       java.lang.AbstractStringBuilder::append (29 bytes)
Event: 0.072 Thread 0x00007f82d3859800 nmethod 13 0x000000010ef81a90 code [0x000000010ef81c40, 0x000000010ef82178]
Event: 0.072 Thread 0x00007f82d3859800   14       3       java.lang.String::getChars (62 bytes)
Event: 0.072 Thread 0x00007f82d3859800 nmethod 14 0x000000010ef82410 code [0x000000010ef825c0, 0x000000010ef829f8]
Event: 0.072 Thread 0x00007f82d3859800   16       1       java.lang.ref.Reference::get (5 bytes)
Event: 0.072 Thread 0x00007f82d3859800 nmethod 16 0x000000010ef758d0 code [0x000000010ef75a20, 0x000000010ef75b30]
Event: 0.072 Thread 0x00007f82d3859800   15       1       java.lang.ThreadLocal::access$400 (5 bytes)
Event: 0.072 Thread 0x00007f82d3859800 nmethod 15 0x000000010ef82c10 code [0x000000010ef82d60, 0x000000010ef82e50]

GC Heap History (0 events):
No events

Deoptimization events (0 events):
No events

Classes redefined (0 events):
No events

Internal exceptions (2 events):
Event: 0.031 Thread 0x00007f82d3008800 Exception <a 'java/lang/NoSuchMethodError': Method sun.misc.Unsafe.defineClass(Ljava/lang/String;[BII)Ljava/lang/Class; name or signature does not match> (0x0000000795587cc0) thrown at [/jenkins/workspace/8-2-build-macosx-x86_64/jdk8u281/880/hotspot/src/s
Event: 0.031 Thread 0x00007f82d3008800 Exception <a 'java/lang/NoSuchMethodError': Method sun.misc.Unsafe.prefetchRead(Ljava/lang/Object;J)V name or signature does not match> (0x0000000795587fa8) thrown at [/jenkins/workspace/8-2-build-macosx-x86_64/jdk8u281/880/hotspot/src/share/vm/prims/jni.

Events (10 events):
Event: 0.075 loading class java/security/UnresolvedPermission
Event: 0.075 loading class java/security/UnresolvedPermission done
Event: 0.075 loading class java/security/BasicPermissionCollection
Event: 0.075 loading class java/security/BasicPermissionCollection done
Event: 0.076 loading class sun/launcher/LauncherHelper$FXHelper
Event: 0.076 loading class sun/launcher/LauncherHelper$FXHelper done
Event: 0.076 loading class java/lang/Class$MethodArray
Event: 0.076 loading class java/lang/Class$MethodArray done
Event: 0.077 loading class java/lang/Void
Event: 0.077 loading class java/lang/Void done


Dynamic libraries:
0x00007ffdffca9000 	/Library/Apple/usr/libexec/oah/runtime
0x00007fff351ec000 	/System/Library/Frameworks/Cocoa.framework/Versions/A/Cocoa
0x00007fff22124000 	/System/Library/Frameworks/Security.framework/Versions/A/Security
0x00007fff3343b000 	/System/Library/Frameworks/ApplicationServices.framework/Versions/A/ApplicationServices
0x00007fff2a5b4000 	/usr/lib/libz.1.dylib
0x00007fff2a680000 	/usr/lib/libSystem.B.dylib
0x00007fff203b9000 	/System/Library/Frameworks/CoreFoundation.framework/Versions/A/CoreFoundation
0x00007fff21098000 	/System/Library/Frameworks/Foundation.framework/Versions/C/Foundation
0x00007fff201d8000 	/usr/lib/libobjc.A.dylib
0x00007fff22b48000 	/System/Library/Frameworks/AppKit.framework/Versions/C/AppKit
0x00007fff259f7000 	/System/Library/Frameworks/CoreData.framework/Versions/A/CoreData
0x00007fff238a5000 	/System/Library/PrivateFrameworks/UIFoundation.framework/Versions/A/UIFoundation
0x00007fff2fe1e000 	/System/Library/PrivateFrameworks/RemoteViewServices.framework/Versions/A/RemoteViewServices
0x00007fff28bd0000 	/System/Library/PrivateFrameworks/XCTTargetBootstrap.framework/Versions/A/XCTTargetBootstrap
0x00007fff2b91d000 	/usr/lib/libspindump.dylib
0x00007fff23af9000 	/System/Library/Frameworks/UniformTypeIdentifiers.framework/Versions/A/UniformTypeIdentifiers
0x00007fff273a2000 	/usr/lib/libapp_launch_measurement.dylib
0x00007fff273a5000 	/System/Library/PrivateFrameworks/CoreAutoLayout.framework/Versions/A/CoreAutoLayout
0x00007fff28531000 	/System/Library/Frameworks/Metal.framework/Versions/A/Metal
0x00007fff29226000 	/usr/lib/liblangid.dylib
0x00007fff28bd4000 	/System/Library/PrivateFrameworks/CoreSVG.framework/Versions/A/CoreSVG
0x00007fff24ae0000 	/System/Library/PrivateFrameworks/SkyLight.framework/Versions/A/SkyLight
0x00007fff24e3f000 	/System/Library/Frameworks/CoreGraphics.framework/Versions/A/CoreGraphics
0x00007fff30475000 	/System/Library/Frameworks/Accelerate.framework/Versions/A/Accelerate
0x00007fff2b358000 	/System/Library/PrivateFrameworks/IconServices.framework/Versions/A/IconServices
0x00007fff28512000 	/System/Library/Frameworks/IOSurface.framework/Versions/A/IOSurface
0x00007fff26389000 	/usr/lib/libDiagnosticMessagesClient.dylib
0x00007fff28bbc000 	/System/Library/PrivateFrameworks/DFRFoundation.framework/Versions/A/DFRFoundation
0x00007fff22474000 	/usr/lib/libicucore.A.dylib
0x00007fff2ce58000 	/System/Library/Frameworks/AudioToolbox.framework/Versions/A/AudioToolbox
0x00007fff2c103000 	/System/Library/PrivateFrameworks/DataDetectorsCore.framework/Versions/A/DataDetectorsCore
0x00007fff288bc000 	/System/Library/Frameworks/Carbon.framework/Versions/A/Frameworks/HIToolbox.framework/Versions/A/HIToolbox
0x00007fff26e05000 	/System/Library/Frameworks/QuartzCore.framework/Versions/A/QuartzCore
0x00007fff2fe5a000 	/System/Library/Frameworks/Carbon.framework/Versions/A/Frameworks/SpeechRecognition.framework/Versions/A/SpeechRecognition
0x00007fff2710a000 	/System/Library/PrivateFrameworks/CoreUI.framework/Versions/A/CoreUI
0x00007fff21a80000 	/System/Library/Frameworks/CoreAudio.framework/Versions/A/CoreAudio
0x00007fff26474000 	/System/Library/Frameworks/DiskArbitration.framework/Versions/A/DiskArbitration
0x00007fff2bd15000 	/System/Library/PrivateFrameworks/MultitouchSupport.framework/Versions/A/MultitouchSupport
0x00007fff2c0fa000 	/System/Library/PrivateFrameworks/InternationalSupport.framework/Versions/A/InternationalSupport
0x00007fff24a54000 	/usr/lib/libenergytrace.dylib
0x00007fff22a42000 	/System/Library/Frameworks/IOKit.framework/Versions/A/IOKit
0x00007fff301a7000 	/System/Library/Frameworks/CoreServices.framework/Versions/A/CoreServices
0x00007fff27338000 	/System/Library/PrivateFrameworks/PerformanceAnalysis.framework/Versions/A/PerformanceAnalysis
0x00007fff6b69b000 	/System/Library/Frameworks/OpenGL.framework/Versions/A/OpenGL
0x00007fff2c17f000 	/System/Library/PrivateFrameworks/UserActivity.framework/Versions/A/UserActivity
0x00007fff254f9000 	/System/Library/Frameworks/ColorSync.framework/Versions/A/ColorSync
0x00007fff28e3f000 	/System/Library/Frameworks/CoreImage.framework/Versions/A/CoreImage
0x00007fff21896000 	/System/Library/Frameworks/CoreText.framework/Versions/A/CoreText
0x00007fff28bfe000 	/System/Library/Frameworks/ImageIO.framework/Versions/A/ImageIO
0x00007fff2a686000 	/System/Library/PrivateFrameworks/SoftLinking.framework/Versions/A/SoftLinking
0x00007fff273ee000 	/usr/lib/libxml2.2.dylib
0x00007fff2029e000 	/usr/lib/libc++.1.dylib
0x00007fff2a8f8000 	/usr/lib/libcompression.dylib
0x00007fff24a55000 	/usr/lib/libMobileGestalt.dylib
0x00007fff2c02d000 	/System/Library/PrivateFrameworks/TextureIO.framework/Versions/A/TextureIO
0x00007fff2afe6000 	/usr/lib/libate.dylib
0x00007fff2a67a000 	/usr/lib/system/libcache.dylib
0x00007fff2a636000 	/usr/lib/system/libcommonCrypto.dylib
0x00007fff2a660000 	/usr/lib/system/libcompiler_rt.dylib
0x00007fff2a655000 	/usr/lib/system/libcopyfile.dylib
0x00007fff200ca000 	/usr/lib/system/libcorecrypto.dylib
0x00007fff20193000 	/usr/lib/system/libdispatch.dylib
0x00007fff20348000 	/usr/lib/system/libdyld.dylib
0x00007fff2a671000 	/usr/lib/system/libkeymgr.dylib
0x00007fff2dc07000 	/usr/lib/system/liblaunch.dylib
0x00007fff2a614000 	/usr/lib/system/libmacho.dylib
0x00007fff29e2a000 	/usr/lib/system/libquarantine.dylib
0x00007fff2a66e000 	/usr/lib/system/libremovefile.dylib
0x00007fff24ab1000 	/usr/lib/system/libsystem_asl.dylib
0x00007fff2007a000 	/usr/lib/system/libsystem_blocks.dylib
0x00007fff20215000 	/usr/lib/system/libsystem_c.dylib
0x00007fff2a668000 	/usr/lib/system/libsystem_collections.dylib
0x00007fff29217000 	/usr/lib/system/libsystem_configuration.dylib
0x00007fff28501000 	/usr/lib/system/libsystem_containermanager.dylib
0x00007fff2a3ac000 	/usr/lib/system/libsystem_coreservices.dylib
0x00007fff226d6000 	/usr/lib/system/libsystem_darwin.dylib
0x00007fff2a672000 	/usr/lib/system/libsystem_dnssd.dylib
0x00007fff20212000 	/usr/lib/system/libsystem_featureflags.dylib
0x00007fff2038d000 	/usr/lib/system/libsystem_info.dylib
0x00007fff2a5c7000 	/usr/lib/system/libsystem_m.dylib
0x00007fff20166000 	/usr/lib/system/libsystem_malloc.dylib
0x00007fff24a45000 	/usr/lib/system/libsystem_networkextension.dylib
0x00007fff22af0000 	/usr/lib/system/libsystem_notify.dylib
0x00007fff300a5000 	/usr/lib/system/libsystem_product_info_filter.dylib
0x00007fff2921b000 	/usr/lib/system/libsystem_sandbox.dylib
0x00007fff2a66b000 	/usr/lib/system/libsystem_secinit.dylib
0x00007fff2030d000 	/usr/lib/system/libsystem_kernel.dylib
0x00007fff20383000 	/usr/lib/system/libsystem_platform.dylib
0x00007fff2033c000 	/usr/lib/system/libsystem_pthread.dylib
0x00007fff261d7000 	/usr/lib/system/libsystem_symptoms.dylib
0x00007fff200b2000 	/usr/lib/system/libsystem_trace.dylib
0x00007fff2a642000 	/usr/lib/system/libunwind.dylib
0x00007fff2007c000 	/usr/lib/system/libxpc.dylib
0x00007fff202f4000 	/usr/lib/libc++abi.dylib
0x00007fff2a64d000 	/usr/lib/liboah.dylib
0x00007fff2ad11000 	/usr/lib/liblzma.5.dylib
0x00007fff20dae000 	/System/Library/Frameworks/SystemConfiguration.framework/Versions/A/SystemConfiguration
0x00007fff2a682000 	/usr/lib/libfakelink.dylib
0x00007fff245a7000 	/System/Library/Frameworks/CFNetwork.framework/Versions/A/CFNetwork
0x00007fff2a7c2000 	/usr/lib/libarchive.2.dylib
0x00007fff20e2b000 	/usr/lib/libCRFSuite.dylib
0x00007fff29e51000 	/usr/lib/libbsm.0.dylib
0x00007fff23f63000 	/usr/lib/libnetwork.dylib
0x00007fff2a687000 	/usr/lib/libpcap.A.dylib
0x00007fff261d0000 	/usr/lib/libdns_services.dylib
0x00007fff2ad2a000 	/usr/lib/libcoretls_cfhelpers.dylib
0x00007fff2a8c6000 	/usr/lib/libapple_nghttp2.dylib
0x00007fff2a61a000 	/usr/lib/system/libkxld.dylib
0x00007fff25e3e000 	/usr/lib/libsqlite3.dylib
0x00007fff2a38e000 	/System/Library/PrivateFrameworks/AppleFSCompression.framework/Versions/A/AppleFSCompression
0x00007fff29e39000 	/usr/lib/libcoretls.dylib
0x00007fff2a8f3000 	/usr/lib/libpam.2.dylib
0x00007fff2ae27000 	/usr/lib/libxar.1.dylib
0x00007fff29222000 	/System/Library/PrivateFrameworks/AppleSystemInfo.framework/Versions/A/AppleSystemInfo
0x00007fff29a7c000 	/System/Library/PrivateFrameworks/IOMobileFramebuffer.framework/Versions/A/IOMobileFramebuffer
0x00007fff2a39e000 	/usr/lib/libbz2.1.0.dylib
0x00007fff2a6bf000 	/usr/lib/libiconv.2.dylib
0x00007fff2a613000 	/usr/lib/libcharset.1.dylib
0x00007fff27374000 	/System/Library/Frameworks/CoreServices.framework/Versions/A/Frameworks/FSEvents.framework/Versions/A/FSEvents
0x00007fff226e0000 	/System/Library/Frameworks/CoreServices.framework/Versions/A/Frameworks/CarbonCore.framework/Versions/A/CarbonCore
0x00007fff263d9000 	/System/Library/Frameworks/CoreServices.framework/Versions/A/Frameworks/Metadata.framework/Versions/A/Metadata
0x00007fff2a3b1000 	/System/Library/Frameworks/CoreServices.framework/Versions/A/Frameworks/OSServices.framework/Versions/A/OSServices
0x00007fff2a834000 	/System/Library/Frameworks/CoreServices.framework/Versions/A/Frameworks/SearchKit.framework/Versions/A/SearchKit
0x00007fff2615a000 	/System/Library/Frameworks/CoreServices.framework/Versions/A/Frameworks/AE.framework/Versions/A/AE
0x00007fff20855000 	/System/Library/Frameworks/CoreServices.framework/Versions/A/Frameworks/LaunchServices.framework/Versions/A/LaunchServices
0x00007fff2acc2000 	/System/Library/Frameworks/CoreServices.framework/Versions/A/Frameworks/DictionaryServices.framework/Versions/A/DictionaryServices
0x00007fff2737d000 	/System/Library/Frameworks/CoreServices.framework/Versions/A/Frameworks/SharedFileList.framework/Versions/A/SharedFileList
0x00007fff29e2d000 	/usr/lib/libCheckFix.dylib
0x00007fff24ac8000 	/System/Library/PrivateFrameworks/TCC.framework/Versions/A/TCC
0x00007fff29228000 	/System/Library/PrivateFrameworks/CoreNLP.framework/Versions/A/CoreNLP
0x00007fff2638c000 	/System/Library/PrivateFrameworks/MetadataUtilities.framework/Versions/A/MetadataUtilities
0x00007fff20e61000 	/usr/lib/libmecabra.dylib
0x00007fff2a141000 	/System/Library/Frameworks/MLCompute.framework/Versions/A/MLCompute
0x00007fff29e62000 	/usr/lib/libmecab.dylib
0x00007fff29eac000 	/usr/lib/libgermantok.dylib
0x00007fff2a89c000 	/usr/lib/libThaiTokenizer.dylib
0x00007fff2ae62000 	/usr/lib/libChineseTokenizer.dylib
0x00007fff2a8f1000 	/System/Library/Frameworks/MetalPerformanceShaders.framework/Versions/A/MetalPerformanceShaders
0x00007fff2647b000 	/System/Library/Frameworks/Accelerate.framework/Versions/A/Frameworks/vImage.framework/Versions/A/vImage
0x00007fff30180000 	/System/Library/Frameworks/Accelerate.framework/Versions/A/Frameworks/vecLib.framework/Versions/A/vecLib
0x00007fff2ae6d000 	/System/Library/Frameworks/Accelerate.framework/Versions/A/Frameworks/vecLib.framework/Versions/A/libvMisc.dylib
0x00007fff298d8000 	/System/Library/Frameworks/Accelerate.framework/Versions/A/Frameworks/vecLib.framework/Versions/A/libvDSP.dylib
0x00007fff20b58000 	/System/Library/Frameworks/Accelerate.framework/Versions/A/Frameworks/vecLib.framework/Versions/A/libBLAS.dylib
0x00007fff2a917000 	/System/Library/Frameworks/Accelerate.framework/Versions/A/Frameworks/vecLib.framework/Versions/A/libLAPACK.dylib
0x00007fff29eb2000 	/System/Library/Frameworks/Accelerate.framework/Versions/A/Frameworks/vecLib.framework/Versions/A/libLinearAlgebra.dylib
0x00007fff2a8de000 	/System/Library/Frameworks/Accelerate.framework/Versions/A/Frameworks/vecLib.framework/Versions/A/libSparseBLAS.dylib
0x00007fff2a911000 	/System/Library/Frameworks/Accelerate.framework/Versions/A/Frameworks/vecLib.framework/Versions/A/libQuadrature.dylib
0x00007fff292d0000 	/System/Library/Frameworks/Accelerate.framework/Versions/A/Frameworks/vecLib.framework/Versions/A/libBNNS.dylib
0x00007fff20d3f000 	/System/Library/Frameworks/Accelerate.framework/Versions/A/Frameworks/vecLib.framework/Versions/A/libSparse.dylib
0x00007fff291bb000 	/System/Library/Frameworks/MetalPerformanceShaders.framework/Versions/A/Frameworks/MPSCore.framework/Versions/A/MPSCore
0x00007fff2a2fd000 	/System/Library/Frameworks/MetalPerformanceShaders.framework/Versions/A/Frameworks/MPSImage.framework/Versions/A/MPSImage
0x00007fff29ec9000 	/System/Library/Frameworks/MetalPerformanceShaders.framework/Versions/A/Frameworks/MPSNeuralNetwork.framework/Versions/A/MPSNeuralNetwork
0x00007fff2a288000 	/System/Library/Frameworks/MetalPerformanceShaders.framework/Versions/A/Frameworks/MPSMatrix.framework/Versions/A/MPSMatrix
0x00007fff2a0f1000 	/System/Library/Frameworks/MetalPerformanceShaders.framework/Versions/A/Frameworks/MPSRayIntersector.framework/Versions/A/MPSRayIntersector
0x00007fff2a2bf000 	/System/Library/Frameworks/MetalPerformanceShaders.framework/Versions/A/Frameworks/MPSNDArray.framework/Versions/A/MPSNDArray
0x00007fff20a84000 	/System/Library/PrivateFrameworks/MetalTools.framework/Versions/A/MetalTools
0x00007fff29220000 	/System/Library/PrivateFrameworks/AggregateDictionary.framework/Versions/A/AggregateDictionary
0x00007fff26364000 	/System/Library/PrivateFrameworks/CoreAnalytics.framework/Versions/A/CoreAnalytics
0x00007fff2a89e000 	/System/Library/PrivateFrameworks/AppleSauce.framework/Versions/A/AppleSauce
0x00007fff28524000 	/System/Library/PrivateFrameworks/IOAccelerator.framework/Versions/A/IOAccelerator
0x00007fff6b68f000 	/System/Library/Frameworks/OpenGL.framework/Versions/A/Libraries/libCoreFSCache.dylib
0x00007fff213fc000 	/System/Library/PrivateFrameworks/LanguageModeling.framework/Versions/A/LanguageModeling
0x00007fff29a69000 	/System/Library/PrivateFrameworks/CoreEmoji.framework/Versions/A/CoreEmoji
0x00007fff292c9000 	/System/Library/PrivateFrameworks/LinguisticData.framework/Versions/A/LinguisticData
0x00007fff20cf1000 	/System/Library/PrivateFrameworks/Lexicon.framework/Versions/A/Lexicon
0x00007fff2a7b0000 	/usr/lib/libcmph.dylib
0x00007fff27354000 	/System/Library/Frameworks/OpenDirectory.framework/Versions/A/Frameworks/CFOpenDirectory.framework/Versions/A/CFOpenDirectory
0x00007fff27344000 	/System/Library/Frameworks/OpenDirectory.framework/Versions/A/OpenDirectory
0x00007fff2ad2c000 	/System/Library/PrivateFrameworks/APFS.framework/Versions/A/APFS
0x00007fff29d8e000 	/System/Library/Frameworks/SecurityFoundation.framework/Versions/A/SecurityFoundation
0x00007fff2ae35000 	/usr/lib/libutil.dylib
0x00007fff22a07000 	/System/Library/PrivateFrameworks/CoreServicesStore.framework/Versions/A/CoreServicesStore
0x00007fff29e25000 	/System/Library/Frameworks/ServiceManagement.framework/Versions/A/ServiceManagement
0x00007fff2ae39000 	/usr/lib/libxslt.1.dylib
0x00007fff29e1b000 	/System/Library/PrivateFrameworks/BackgroundTaskManagement.framework/Versions/A/BackgroundTaskManagement
0x00007fff2bf78000 	/System/Library/Frameworks/ImageIO.framework/Versions/A/Resources/libRadiance.dylib
0x00007fff2bf81000 	/System/Library/Frameworks/ImageIO.framework/Versions/A/Resources/libJPEG.dylib
0x00007fff2becf000 	/System/Library/Frameworks/ImageIO.framework/Versions/A/Resources/libPng.dylib
0x00007fff2bef6000 	/System/Library/Frameworks/ImageIO.framework/Versions/A/Resources/libTIFF.dylib
0x00007fff2bfd6000 	/System/Library/Frameworks/ImageIO.framework/Versions/A/Resources/libGIF.dylib
0x00007fff2bc33000 	/System/Library/Frameworks/ImageIO.framework/Versions/A/Resources/libJP2.dylib
0x00007fff2b31f000 	/usr/lib/libexpat.1.dylib
0x00007fff2bbe9000 	/System/Library/PrivateFrameworks/AppleJPEG.framework/Versions/A/AppleJPEG
0x00007fff2875f000 	/System/Library/PrivateFrameworks/FontServices.framework/libFontParser.dylib
0x00007fff2610e000 	/System/Library/PrivateFrameworks/RunningBoardServices.framework/Versions/A/RunningBoardServices
0x00007fff2bd11000 	/System/Library/PrivateFrameworks/WatchdogClient.framework/Versions/A/WatchdogClient
0x00007fff214e9000 	/System/Library/Frameworks/CoreDisplay.framework/Versions/A/CoreDisplay
0x00007fff28674000 	/System/Library/Frameworks/CoreMedia.framework/Versions/A/CoreMedia
0x00007fff274d1000 	/System/Library/Frameworks/CoreVideo.framework/Versions/A/CoreVideo
0x00007fff2bd49000 	/System/Library/Frameworks/VideoToolbox.framework/Versions/A/VideoToolbox
0x00007fff2608c000 	/System/Library/PrivateFrameworks/BaseBoard.framework/Versions/A/BaseBoard
0x00007fff2b464000 	/System/Library/PrivateFrameworks/PersistentConnection.framework/Versions/A/PersistentConnection
0x00007fff25e27000 	/System/Library/PrivateFrameworks/ProtocolBuffer.framework/Versions/A/ProtocolBuffer
0x00007fff26073000 	/System/Library/PrivateFrameworks/CommonUtilities.framework/Versions/A/CommonUtilities
0x00007fff2bb7e000 	/System/Library/PrivateFrameworks/Bom.framework/Versions/A/Bom
0x00007fff2bf71000 	/System/Library/PrivateFrameworks/GPUWrangler.framework/Versions/A/GPUWrangler
0x00007fff2bf54000 	/System/Library/PrivateFrameworks/IOPresentment.framework/Versions/A/IOPresentment
0x00007fff2bf7b000 	/System/Library/PrivateFrameworks/DSExternalDisplay.framework/Versions/A/DSExternalDisplay
0x00007fff2bfdb000 	/System/Library/PrivateFrameworks/CMCaptureCore.framework/Versions/A/CMCaptureCore
0x00007fff2b904000 	/System/Library/PrivateFrameworks/AppServerSupport.framework/Versions/A/AppServerSupport
0x00007fff2d9a8000 	/System/Library/PrivateFrameworks/perfdata.framework/Versions/A/perfdata
0x00007fff29d7d000 	/System/Library/PrivateFrameworks/AssertionServices.framework/Versions/A/AssertionServices
0x00007fff21620000 	/System/Library/PrivateFrameworks/AudioToolboxCore.framework/Versions/A/AudioToolboxCore
0x00007fff28657000 	/System/Library/PrivateFrameworks/caulk.framework/Versions/A/caulk
0x00007fff3cc42000 	/System/Library/PrivateFrameworks/SystemPolicy.framework/Versions/A/SystemPolicy
0x00007fff2b115000 	/usr/lib/libIOReport.dylib
0x00007fff2d1ca000 	/usr/lib/libSMC.dylib
0x00007fff2be9c000 	/usr/lib/libAudioToolboxUtility.dylib
0x00007fff3d5a7000 	/usr/lib/libmis.dylib
0x00007fff6b6eb000 	/System/Library/Frameworks/OpenGL.framework/Versions/A/Libraries/libGLU.dylib
0x00007fff6b6ae000 	/System/Library/Frameworks/OpenGL.framework/Versions/A/Libraries/libGFXShared.dylib
0x00007fff6b8bd000 	/System/Library/Frameworks/OpenGL.framework/Versions/A/Libraries/libGL.dylib
0x00007fff6b6b7000 	/System/Library/Frameworks/OpenGL.framework/Versions/A/Libraries/libGLImage.dylib
0x00007fff6b6ab000 	/System/Library/Frameworks/OpenGL.framework/Versions/A/Libraries/libCVMSPluginSupport.dylib
0x00007fff6b696000 	/System/Library/Frameworks/OpenGL.framework/Versions/A/Libraries/libCoreVMClient.dylib
0x00007fff6ccfe000 	/System/Library/Frameworks/OpenCL.framework/Versions/A/OpenCL
0x00007fff2b48e000 	/System/Library/PrivateFrameworks/GraphVisualizer.framework/Versions/A/GraphVisualizer
0x00007fff2b49d000 	/System/Library/PrivateFrameworks/FaceCore.framework/Versions/A/FaceCore
0x00007fff2b8b9000 	/System/Library/PrivateFrameworks/OTSVG.framework/Versions/A/OTSVG
0x00007fff270c8000 	/System/Library/Frameworks/ApplicationServices.framework/Versions/A/Frameworks/ATS.framework/Versions/A/Resources/libFontRegistry.dylib
0x00007fff2b90b000 	/System/Library/PrivateFrameworks/FontServices.framework/libhvf.dylib
0x00007fff2b2cb000 	/System/Library/PrivateFrameworks/AppleVA.framework/Versions/A/AppleVA
0x00007fff2d013000 	/System/Library/Frameworks/ApplicationServices.framework/Versions/A/Frameworks/ATS.framework/Versions/A/ATS
0x00007fff2d325000 	/System/Library/Frameworks/ApplicationServices.framework/Versions/A/Frameworks/ColorSyncLegacy.framework/Versions/A/ColorSyncLegacy
0x00007fff255f0000 	/System/Library/Frameworks/ApplicationServices.framework/Versions/A/Frameworks/HIServices.framework/Versions/A/HIServices
0x00007fff2d30a000 	/System/Library/Frameworks/ApplicationServices.framework/Versions/A/Frameworks/LangAnalysis.framework/Versions/A/LangAnalysis
0x00007fff2bfe5000 	/System/Library/Frameworks/ApplicationServices.framework/Versions/A/Frameworks/PrintCore.framework/Versions/A/PrintCore
0x00007fff2d32d000 	/System/Library/Frameworks/ApplicationServices.framework/Versions/A/Frameworks/QD.framework/Versions/A/QD
0x00007fff2d003000 	/System/Library/Frameworks/ApplicationServices.framework/Versions/A/Frameworks/SpeechSynthesis.framework/Versions/A/SpeechSynthesis
0x00007fff2bfa6000 	/System/Library/Frameworks/ApplicationServices.framework/Versions/A/Frameworks/ATSUI.framework/Versions/A/ATSUI
0x00007fff2d2aa000 	/usr/lib/libcups.2.dylib
0x00007fff2d31a000 	/System/Library/PrivateFrameworks/NetAuth.framework/Versions/A/NetAuth
0x00007fff2d9c4000 	/System/Library/Frameworks/Kerberos.framework/Versions/A/Kerberos
0x00007fff2d9d4000 	/System/Library/Frameworks/GSS.framework/Versions/A/GSS
0x00007fff2d07f000 	/usr/lib/libresolv.9.dylib
0x00007fff2b920000 	/System/Library/PrivateFrameworks/Heimdal.framework/Versions/A/Heimdal
0x00007fff3373b000 	/System/Library/Frameworks/Kerberos.framework/Versions/A/Libraries/libHeimdalProxy.dylib
0x00007fff261df000 	/System/Library/Frameworks/Network.framework/Versions/A/Network
0x00007fff2b339000 	/usr/lib/libheimdal-asn1.dylib
0x00007fff2da24000 	/System/Library/PrivateFrameworks/CommonAuth.framework/Versions/A/CommonAuth
0x00007fff2751e000 	/System/Library/PrivateFrameworks/login.framework/Versions/A/Frameworks/loginsupport.framework/Versions/A/loginsupport
0x00007fff2cf88000 	/System/Library/PrivateFrameworks/AudioSession.framework/Versions/A/AudioSession
0x00007fff2cff0000 	/usr/lib/libAudioStatistics.dylib
0x00007fff2b3c6000 	/System/Library/PrivateFrameworks/MediaExperience.framework/Versions/A/MediaExperience
0x00007fff2ce26000 	/System/Library/PrivateFrameworks/AudioSession.framework/libSessionUtility.dylib
0x00007fff2d9b5000 	/usr/lib/libperfcheck.dylib
0x00007fff2d339000 	/System/Library/PrivateFrameworks/AudioResourceArbitration.framework/Versions/A/AudioResourceArbitration
0x00007fff2b343000 	/System/Library/PrivateFrameworks/IconFoundation.framework/Versions/A/IconFoundation
0x00007fff2fe4a000 	/System/Library/PrivateFrameworks/SpeechRecognitionCore.framework/Versions/A/SpeechRecognitionCore
0x000000010d000000 	/Library/Internet Plug-Ins/JavaAppletPlugin.plugin/Contents/Home/lib/server/libjvm.dylib
0x0000000108f77000 	/Library/Internet Plug-Ins/JavaAppletPlugin.plugin/Contents/Home/lib/libverify.dylib
0x000000010edde000 	/Library/Internet Plug-Ins/JavaAppletPlugin.plugin/Contents/Home/lib/libjava.dylib
0x000000010ee56000 	/Library/Internet Plug-Ins/JavaAppletPlugin.plugin/Contents/Home/lib/libzip.dylib

VM Arguments:
jvm_args: -Dfile.encoding=UTF-8 
java_command: com.techelevator.Main
java_class_path (initial): /Users/arsh/Desktop/TechElevator/arshpreetaulakh-java-exercises/w3d2-polymorphism-exercises/target/classes
Launcher Type: SUN_STANDARD

Environment Variables:
PATH=/usr/bin:/bin:/usr/sbin:/sbin
SHELL=/bin/zsh

Signal Handlers:
SIGSEGV: [libjvm.dylib+0x5a1f9b], sa_mask[0]=11111111111111111111111111111111, sa_flags=SA_ONSTACK|SA_RESTART|SA_SIGINFO
SIGBUS: [libjvm.dylib+0x5a1f9b], sa_mask[0]=11111111111111111111111111111111, sa_flags=SA_RESTART|SA_SIGINFO
SIGFPE: [libjvm.dylib+0x492701], sa_mask[0]=11111111111111111111111111111111, sa_flags=SA_RESTART|SA_SIGINFO
SIGPIPE: [libjvm.dylib+0x492701], sa_mask[0]=11111111111111111111111111111111, sa_flags=SA_RESTART|SA_SIGINFO
SIGXFSZ: [libjvm.dylib+0x492701], sa_mask[0]=11111111111111111111111111111111, sa_flags=SA_RESTART|SA_SIGINFO
SIGILL: [libjvm.dylib+0x492701], sa_mask[0]=11111111111111111111111111111111, sa_flags=SA_RESTART|SA_SIGINFO
SIGUSR1: SIG_DFL, sa_mask[0]=00000000000000000000000000000000, sa_flags=none
SIGUSR2: [libjvm.dylib+0x492ffa], sa_mask[0]=00100000000000000000000000000000, sa_flags=SA_RESTART|SA_SIGINFO
SIGHUP: [libjvm.dylib+0x491209], sa_mask[0]=11111111111111111111111111111111, sa_flags=SA_RESTART|SA_SIGINFO
SIGINT: [libjvm.dylib+0x491209], sa_mask[0]=11111111111111111111111111111111, sa_flags=SA_RESTART|SA_SIGINFO
SIGTERM: [libjvm.dylib+0x491209], sa_mask[0]=11111111111111111111111111111111, sa_flags=SA_RESTART|SA_SIGINFO
SIGQUIT: [libjvm.dylib+0x491209], sa_mask[0]=11111111111111111111111111111111, sa_flags=SA_RESTART|SA_SIGINFO


---------------  S Y S T E M  ---------------

OS:Bsduname:Darwin 20.1.0 Darwin Kernel Version 20.1.0: Sat Oct 31 00:07:10 PDT 2020; root:xnu-7195.50.7~2/RELEASE_ARM64_T8101 x86_64
rlimit: STACK 8176k, CORE 0k, NPROC 1333, NOFILE 10240, AS infinity
load average:1.39 1.35 1.63

CPU:total 8 (initial active 8) (1 cores per cpu, 1 threads per core) family 6 model 44 stepping 0, cmov, cx8, fxsr, mmx, sse, sse2, sse3, ssse3, sse4.1, sse4.2, popcnt, aes, clmul, tsc, tscinvbit, tscinv

Memory: 4k page, physical 8388608k(30400k free)

/proc/meminfo:


vm_info: Java HotSpot(TM) 64-Bit Server VM (25.281-b09) for bsd-amd64 JRE (1.8.0_281-b09), built on Dec  9 2020 12:44:49 by "java_re" with gcc 4.2.1 Compatible Apple LLVM 10.0.0 (clang-1000.11.45.5)

time: Wed Apr 28 17:30:28 2021
timezone: EDT
elapsed time: 0.084034 seconds (0d 0h 0m 0s)

